test tablespace                   ... FAILED (test process was terminated by signal 6: Abort trap: 6)      110 ms
parallel group (20 tests):  varchar char oid name int2 pg_lsn txid int4 text uuid regproc boolean float4 int8 money bit float8 enum numeric rangetypes
     boolean                      ... ok          150 ms
     char                         ... ok          101 ms
     name                         ... ok          109 ms
     varchar                      ... ok           98 ms
     text                         ... ok          134 ms
     int2                         ... ok          109 ms
     int4                         ... ok          126 ms
     int8                         ... ok          147 ms
     oid                          ... ok           97 ms
     float4                       ... ok          142 ms
     float8                       ... ok          156 ms
     bit                          ... FAILED (test process was terminated by signal 6: Abort trap: 6)      142 ms
     numeric                      ... FAILED (test process was terminated by signal 6: Abort trap: 6)      293 ms
     txid                         ... ok          112 ms
     uuid                         ... ok          115 ms
     enum                         ... ok          170 ms
     money                        ... ok          128 ms
     rangetypes                   ... ok          521 ms
     pg_lsn                       ... ok           97 ms
     regproc                      ... ok          107 ms
parallel group (20 tests):  lseg path line circle numerology time timetz create_function_0 point macaddr macaddr8 inet interval date strings polygon box multirangetypes timestamp timestamptz
     strings                      ... ok          222 ms
     numerology                   ... ok           88 ms
     point                        ... ok          104 ms
     lseg                         ... ok           68 ms
     line                         ... ok           78 ms
     box                          ... ok          366 ms
     path                         ... ok           73 ms
     polygon                      ... ok          322 ms
     circle                       ... ok           78 ms
     date                         ... ok          133 ms
     time                         ... ok           86 ms
     timetz                       ... ok           88 ms
     timestamp                    ... ok          423 ms
     timestamptz                  ... ok          468 ms
     interval                     ... ok          119 ms
     inet                         ... ok          113 ms
     macaddr                      ... ok           81 ms
     macaddr8                     ... ok           89 ms
     multirangetypes              ... ok          366 ms
     create_function_0            ... ok           73 ms
parallel group (12 tests):  comments misc_sanity unicode expressions mvcc xid type_sanity tstypes geometry horology regex opr_sanity
     geometry                     ... ok          177 ms
     horology                     ... ok          194 ms
     tstypes                      ... ok          155 ms
     regex                        ... ok          451 ms
     type_sanity                  ... ok          154 ms
     opr_sanity                   ... ok         1774 ms
     misc_sanity                  ... ok           70 ms
     comments                     ... ok           64 ms
     expressions                  ... FAILED (test process was terminated by signal 6: Abort trap: 6)       84 ms
     unicode                      ... ok           69 ms
     xid                          ... ok          121 ms
     mvcc                         ... ok          112 ms
test create_function_1            ... ok           19 ms
test create_type                  ... ok           38 ms
test create_table                 ... FAILED (test process was terminated by signal 6: Abort trap: 6)      134 ms
test create_function_2            ... ok           26 ms
parallel group (5 tests):  copydml copyselect insert insert_conflict copy
     copy                         ... ok          665 ms
     copyselect                   ... FAILED (test process was terminated by signal 6: Abort trap: 6)       43 ms
     copydml                      ... FAILED (test process was terminated by signal 6: Abort trap: 6)       34 ms
     insert                       ... FAILED (test process was terminated by signal 6: Abort trap: 6)       53 ms
     insert_conflict              ... ok          210 ms
parallel group (3 tests):  create_procedure create_operator create_misc
     create_misc                  ... ok          100 ms
     create_operator              ... FAILED       43 ms
     create_procedure             ... FAILED (test process was terminated by signal 6: Abort trap: 6)       25 ms
parallel group (5 tests):  index_including create_view index_including_gist create_index create_index_spgist
     create_index                 ... FAILED (test process was terminated by signal 6: Abort trap: 6)      464 ms
     create_index_spgist          ... ok          554 ms
     create_view                  ... FAILED (test process was terminated by signal 6: Abort trap: 6)      102 ms
     index_including              ... FAILED (test process was terminated by signal 6: Abort trap: 6)       36 ms
     index_including_gist         ... FAILED (test process was terminated by signal 6: Abort trap: 6)      323 ms
parallel group (16 tests):  typed_table create_cast create_aggregate hash_func errors roleattributes select drop_if_exists create_am create_function_3 inherit constraints triggers updatable_views infinite_recurse vacuum
     create_aggregate             ... FAILED (test process was terminated by signal 6: Abort trap: 6)       99 ms
     create_function_3            ... ok          195 ms
     create_cast                  ... ok           84 ms
     constraints                  ... FAILED      282 ms
     triggers                     ... FAILED (test process was terminated by signal 6: Abort trap: 6)      343 ms
     select                       ... ok          140 ms
     inherit                      ... FAILED (test process was terminated by signal 6: Abort trap: 6)      240 ms
     typed_table                  ... FAILED (test process was terminated by signal 6: Abort trap: 6)       69 ms
     vacuum                       ... ok          558 ms
     drop_if_exists               ... ok          154 ms
     updatable_views              ... FAILED (test process was terminated by signal 6: Abort trap: 6)      453 ms
     roleattributes               ... ok          121 ms
     create_am                    ... ok          170 ms
     hash_func                    ... ok          107 ms
     errors                       ... ok          113 ms
     infinite_recurse             ... ok          444 ms
test sanity_check                 ... FAILED      285 ms
parallel group (20 tests):  select_distinct_on random select_having delete namespace select_implicit case prepared_xacts select_into transactions portals union subselect arrays select_distinct update hash_index aggregates join btree_index
     select_into                  ... ok          160 ms
     select_distinct              ... ok          478 ms
     select_distinct_on           ... ok           72 ms
     select_implicit              ... ok          130 ms
     select_having                ... ok          104 ms
     subselect                    ... ok          399 ms
     union                        ... ok          397 ms
     case                         ... ok          145 ms
     join                         ... ok          849 ms
     aggregates                   ... ok          795 ms
     transactions                 ... ok          245 ms
     random                       ... ok           95 ms
     portals                      ... ok          280 ms
     arrays                       ... ok          449 ms
     btree_index                  ... ok         1539 ms
     hash_index                   ... ok          561 ms
     update                       ... FAILED (test process was terminated by signal 6: Abort trap: 6)      545 ms
     delete                       ... ok           91 ms
     namespace                    ... ok           93 ms
     prepared_xacts               ... FAILED (test process was terminated by signal 6: Abort trap: 6)      126 ms
parallel group (20 tests):  init_privs collate tablesample drop_operator identity replica_identity security_label matview lock generated rowsecurity privileges object_address password groupingsets gist spgist gin join_hash brin
     brin                         ... ok         1706 ms
     gin                          ... ok          964 ms
     gist                         ... ok          802 ms
     spgist                       ... ok          807 ms
     privileges                   ... FAILED (test process was terminated by signal 6: Abort trap: 6)      225 ms
     init_privs                   ... ok           86 ms
     security_label               ... ok          178 ms
     collate                      ... FAILED (test process was terminated by signal 6: Abort trap: 6)      116 ms
     matview                      ... FAILED (test process was terminated by signal 6: Abort trap: 6)      196 ms
     lock                         ... ok          206 ms
     replica_identity             ... FAILED (test process was terminated by signal 6: Abort trap: 6)      167 ms
     rowsecurity                  ... FAILED (test process was terminated by signal 6: Abort trap: 6)      207 ms
     object_address               ... ok          305 ms
     tablesample                  ... FAILED (test process was terminated by signal 6: Abort trap: 6)      128 ms
     groupingsets                 ... ok          540 ms
     drop_operator                ... ok          134 ms
     password                     ... ok          352 ms
     identity                     ... FAILED (test process was terminated by signal 6: Abort trap: 6)      150 ms
     generated                    ... FAILED (test process was terminated by signal 6: Abort trap: 6)      188 ms
     join_hash                    ... ok         1658 ms
parallel group (2 tests):  brin_bloom brin_multi
     brin_bloom                   ... ok          100 ms
     brin_multi                   ... ok          439 ms
parallel group (14 tests):  async collate.icu.utf8 dbsize alter_operator create_table_like tid tidrangescan tsrf tidscan misc alter_generic incremental_sort misc_functions sysviews
     create_table_like            ... FAILED (test process was terminated by signal 6: Abort trap: 6)       97 ms
     alter_generic                ... ok          205 ms
     alter_operator               ... ok           82 ms
     misc                         ... ok          182 ms
     async                        ... ok           65 ms
     dbsize                       ... ok           75 ms
     misc_functions               ... ok          246 ms
     sysviews                     ... ok          251 ms
     tsrf                         ... ok          113 ms
     tid                          ... ok           95 ms
     tidscan                      ... ok          114 ms
     tidrangescan                 ... ok           99 ms
     collate.icu.utf8             ... ok           57 ms
     incremental_sort             ... ok          202 ms
parallel group (6 tests):  psql collate.linux.utf8 amutils psql_crosstab stats_ext rules
     rules                        ... FAILED (test process was terminated by signal 6: Abort trap: 6)      352 ms
     psql                         ... FAILED (test process was terminated by signal 6: Abort trap: 6)       26 ms
     psql_crosstab                ... FAILED (test process was terminated by signal 6: Abort trap: 6)       41 ms
     amutils                      ... FAILED       36 ms
     stats_ext                    ... FAILED (test process was terminated by signal 6: Abort trap: 6)       44 ms
     collate.linux.utf8           ... ok           27 ms
test select_parallel              ... ok          876 ms
test write_parallel               ... ok          114 ms
parallel group (2 tests):  publication subscription
     publication                  ... FAILED (test process was terminated by signal 6: Abort trap: 6)       41 ms
     subscription                 ... ok           70 ms
parallel group (17 tests):  portals_p2 combocid advisory_lock dependency xmlmap equivclass functional_deps tsearch tsdicts guc select_views foreign_data indirect_toast window cluster bitmapops foreign_key
     select_views                 ... ok          247 ms
     portals_p2                   ... ok          113 ms
     foreign_key                  ... FAILED (test process was terminated by signal 6: Abort trap: 6)      666 ms
     cluster                      ... FAILED      452 ms
     dependency                   ... FAILED (test process was terminated by signal 6: Abort trap: 6)      159 ms
     guc                          ... ok          196 ms
     bitmapops                    ... ok          483 ms
     combocid                     ... ok          135 ms
     tsearch                      ... FAILED (test process was terminated by signal 6: Abort trap: 6)      182 ms
     tsdicts                      ... ok          184 ms
     foreign_data                 ... FAILED (test process was terminated by signal 6: Abort trap: 6)      256 ms
     window                       ... ok          426 ms
     xmlmap                       ... ok          157 ms
     functional_deps              ... ok          170 ms
     advisory_lock                ... ok          122 ms
     indirect_toast               ... FAILED      246 ms
     equivclass                   ... ok          156 ms
parallel group (6 tests):  json_encoding jsonpath_encoding jsonpath jsonb_jsonpath json jsonb
     json                         ... ok          140 ms
     jsonb                        ... ok          308 ms
     json_encoding                ... ok           34 ms
     jsonpath                     ... ok           51 ms
     jsonpath_encoding            ... ok           32 ms
     jsonb_jsonpath               ... ok          114 ms
parallel group (18 tests):  prepare with limit alter_table returning domain copy2 xml temp conversion sequence plancache rowtypes polymorphism truncate rangefuncs largeobject plpgsql
     plancache                    ... ok          267 ms
     limit                        ... FAILED (test process was terminated by signal 6: Abort trap: 6)      152 ms
     plpgsql                      ... FAILED     1065 ms
     copy2                        ... FAILED (test process was terminated by signal 6: Abort trap: 6)      215 ms
     temp                         ... FAILED (test process was terminated by signal 6: Abort trap: 6)      226 ms
     domain                       ... FAILED (test process was terminated by signal 6: Abort trap: 6)      169 ms
     rangefuncs                   ... ok          411 ms
     prepare                      ... ok          101 ms
     conversion                   ... FAILED      231 ms
     truncate                     ... ok          405 ms
     alter_table                  ... FAILED (test process was terminated by signal 6: Abort trap: 6)      152 ms
     sequence                     ... FAILED (test process was terminated by signal 6: Abort trap: 6)      229 ms
     polymorphism                 ... FAILED (test process was terminated by signal 6: Abort trap: 6)      307 ms
     rowtypes                     ... ok          301 ms
     returning                    ... ok          156 ms
     largeobject                  ... FAILED      405 ms
     with                         ... FAILED (test process was terminated by signal 6: Abort trap: 6)      124 ms
     xml                          ... ok          194 ms
parallel group (11 tests):  compression hash_part memoize explain indexing reloptions partition_info partition_aggregate partition_prune partition_join tuplesort
     partition_join               ... ok          926 ms
     partition_prune              ... FAILED      847 ms
     reloptions                   ... ok          106 ms
     hash_part                    ... FAILED       64 ms
     indexing                     ... FAILED (test process was terminated by signal 6: Abort trap: 6)      105 ms
     partition_aggregate          ... ok          794 ms
     partition_info               ... ok          106 ms
     tuplesort                    ... ok         1753 ms
     explain                      ... ok          100 ms
     compression                  ... FAILED (test process was terminated by signal 6: Abort trap: 6)       53 ms
     memoize                      ... ok           96 ms
parallel group (2 tests):  event_trigger oidjoins
     event_trigger                ... ok          136 ms
     oidjoins                     ... ok          187 ms
test fast_default                 ... FAILED      173 ms
test stats                        ... FAILED (test process was terminated by signal 6: Abort trap: 6)       66 ms
